*** Creating network
*** Adding controller
*** Adding hosts:
h0 h1 h2 h3 h4 
*** Adding switches:

*** Adding links:
(10.00000% loss) (10.00000% loss) (h0, h1) (10.00000% loss) (10.00000% loss) (h0, h2) (10.00000% loss) (10.00000% loss) (h0, h3) (10.00000% loss) (10.00000% loss) (h0, h4) 
*** Configuring hosts
h0 h1 h2 h3 h4 
*** Starting controller
c0 
*** Starting 0 switches

*** Starting CLI:
mininet> *** Stopping 1 controllers
c0 
*** Stopping 4 links
....
*** Stopping 0 switches

*** Stopping 5 hosts
h0 h1 h2 h3 h4 
*** Done
completed in 3.743 seconds
